<?xml version="1.0" encoding="UTF-8"?>
<!-- Generated by org.testng.reporters.JUnitReportReporter -->
<testsuite skipped="0" hostname="ATMECSINLT-085" name="org.atmecs.website.testscripts.Insights" tests="1" failures="0" timestamp="01 Oct 2019 11:41:58 GMT" time="15.126" errors="0">
  <testcase name="validateBlogs" time="15.126" classname="org.atmecs.website.testscripts.Insights"/>
</testsuite> <!-- org.atmecs.website.testscripts.Insights -->
