<?xml version="1.0" encoding="UTF-8"?>
<!-- Generated by org.testng.reporters.JUnitReportReporter -->
<testsuite skipped="0" hostname="ATMECSINLT-085" name="org.atmecs.website.testscripts.Services" tests="1" failures="0" timestamp="01 Oct 2019 11:41:58 GMT" time="2.681" errors="0">
  <testcase name="servicesOptionCheck" time="2.681" classname="org.atmecs.website.testscripts.Services"/>
</testsuite> <!-- org.atmecs.website.testscripts.Services -->
